<?xml version="1.0" encoding="utf-8"?><testsuites name="pytest tests"><testsuite name="pytest" errors="0" failures="0" skipped="1" tests="13" time="21.683" timestamp="2026-02-06T15:57:44.155651+00:00" hostname="agent-env-3fbac087-31ec-4b14-88c7-59783d8d859e"><testcase classname="tests.test_obra_detail.TestObraDetailAPIs" name="test_get_obras_list" time="1.527" /><testcase classname="tests.test_obra_detail.TestObraDetailAPIs" name="test_get_obra_detail" time="2.056" /><testcase classname="tests.test_obra_detail.TestObraDetailAPIs" name="test_atribuir_equipamento_success" time="2.274" /><testcase classname="tests.test_obra_detail.TestObraDetailAPIs" name="test_atribuir_equipamento_already_assigned" time="1.564"><skipped type="pytest.skip" message="No different obra available for testing">/app/backend/tests/test_obra_detail.py:161: No different obra available for testing</skipped></testcase><testcase classname="tests.test_obra_detail.TestObraDetailAPIs" name="test_atribuir_viatura_success" time="1.521" /><testcase classname="tests.test_obra_detail.TestObraDetailAPIs" name="test_devolver_equipamento" time="1.759" /><testcase classname="tests.test_obra_detail.TestObraDetailAPIs" name="test_devolver_viatura" time="2.437" /><testcase classname="tests.test_obra_detail.TestObraDetailAPIs" name="test_movimento_stock_saida_with_obra" time="1.657" /><testcase classname="tests.test_obra_detail.TestObraDetailAPIs" name="test_movimento_stock_entrada_with_obra" time="1.833" /><testcase classname="tests.test_obra_detail.TestObraDetailAPIs" name="test_get_available_equipamentos" time="1.225" /><testcase classname="tests.test_obra_detail.TestObraDetailAPIs" name="test_get_available_viaturas" time="1.106" /><testcase classname="tests.test_obra_detail.TestObraDetailAPIs" name="test_atribuir_invalid_recurso" time="1.339" /><testcase classname="tests.test_obra_detail.TestObraDetailAPIs" name="test_devolver_invalid_recurso" time="1.309" /></testsuite></testsuites>