<?xml version="1.0" encoding="utf-8"?><testsuites name="pytest tests"><testsuite name="pytest" errors="0" failures="0" skipped="0" tests="9" time="7.694" timestamp="2026-02-07T19:33:36.861197+00:00" hostname="agent-env-5e3f33ce-c7f1-4734-b516-491d0008ec32"><testcase classname="backend.tests.test_viatura_manutencao.TestViaturaManutencao" name="test_get_viaturas_list" time="1.150" /><testcase classname="backend.tests.test_viatura_manutencao.TestViaturaManutencao" name="test_create_test_viatura" time="0.897" /><testcase classname="backend.tests.test_viatura_manutencao.TestViaturaManutencao" name="test_patch_viatura_manutencao_enable" time="1.130" /><testcase classname="backend.tests.test_viatura_manutencao.TestViaturaManutencao" name="test_get_viatura_detail_with_maintenance" time="0.793" /><testcase classname="backend.tests.test_viatura_manutencao.TestViaturaManutencao" name="test_patch_viatura_manutencao_update_description" time="0.693" /><testcase classname="backend.tests.test_viatura_manutencao.TestViaturaManutencao" name="test_patch_viatura_manutencao_disable" time="0.861" /><testcase classname="backend.tests.test_viatura_manutencao.TestViaturaManutencao" name="test_patch_nonexistent_viatura" time="0.769" /><testcase classname="backend.tests.test_viatura_manutencao.TestViaturaManutencao" name="test_viatura_alerts_calculation" time="0.447" /><testcase classname="backend.tests.test_viatura_manutencao.TestViaturaManutencao" name="test_cleanup_test_viatura" time="0.901" /></testsuite></testsuites>